<?xml version="1.0" encoding="UTF-8"?>
<!-- Generated by org.testng.reporters.JUnitReportReporter -->
<testsuite hostname="YP10003762LT" name="helloworldjenkins.helloworld1" tests="1" failures="0" timestamp="24 Aug 2017 07:39:42 GMT" time="33.772" errors="0">
  <testcase name="Hello" time="33.772" classname="helloworldjenkins.helloworld1"/>
</testsuite> <!-- helloworldjenkins.helloworld1 -->
